TN:
SF:forgot.js
FN:6,sendOTP
FNF:1
FNH:1
FNDA:2,sendOTP
DA:7,2
DA:8,2
DA:10,2
DA:12,2
DA:14,1
DA:15,1
DA:16,1
DA:19,1
DA:20,1
DA:24,1
LF:10
LH:10
BRDA:12,0,0,1
BRDA:12,0,1,1
BRDA:12,1,0,2
BRDA:12,1,1,1
BRF:4
BRH:4
end_of_record
TN:
SF:login.js
FN:1,validate
FNF:1
FNH:1
FNDA:5,validate
DA:3,5
DA:4,5
DA:7,5
DA:8,1
DA:9,1
DA:13,4
DA:14,1
DA:15,1
DA:19,3
DA:20,1
DA:21,1
DA:25,2
DA:28,2
DA:31,2
DA:32,1
DA:33,1
DA:36,1
DA:37,1
DA:46,1
LF:19
LH:19
BRDA:7,0,0,1
BRDA:7,0,1,4
BRDA:7,1,0,5
BRDA:7,1,1,2
BRDA:13,2,0,1
BRDA:13,2,1,3
BRDA:19,3,0,1
BRDA:19,3,1,2
BRDA:31,4,0,1
BRDA:31,4,1,1
BRDA:31,5,0,2
BRDA:31,5,1,1
BRF:12
BRH:12
end_of_record
TN:
SF:register.js
FN:6,registerUser
FNF:1
FNH:1
FNDA:8,registerUser
DA:7,8
DA:8,8
DA:9,8
DA:10,8
DA:12,8
DA:13,8
DA:14,8
DA:17,8
DA:18,8
DA:21,8
DA:22,4
DA:23,4
DA:27,4
DA:29,1
DA:31,3
DA:32,1
DA:34,3
DA:35,1
DA:37,3
DA:38,1
DA:43,1
LF:21
LH:21
BRDA:21,0,0,4
BRDA:21,0,1,4
BRDA:21,1,0,8
BRDA:21,1,1,4
BRDA:21,1,2,4
BRDA:27,2,0,1
BRDA:27,2,1,3
BRDA:27,3,0,4
BRDA:27,3,1,3
BRDA:27,3,2,2
BRDA:31,4,0,1
BRDA:31,4,1,2
BRDA:34,5,0,1
BRDA:34,5,1,2
BRDA:37,6,0,1
BRDA:37,6,1,2
BRF:16
BRH:16
end_of_record
